0 info it worked if it ends with ok
1 verbose cli [ 'K:\\RHildred\\brackets+git\\git\\bin\\node.exe',
1 verbose cli   'K:\\RHildred\\brackets+git\\git\\bin\\node_modules\\npm\\bin\\npm-cli.js',
1 verbose cli   'install' ]
2 info using npm@1.4.28
3 info using node@v0.10.33
4 error install Couldn't read dependencies
5 error Error: Invalid version: "1.0"
5 error     at Object.module.exports.fixVersionField (K:\RHildred\brackets+git\git\bin\node_modules\npm\node_modules\read-package-json\node_modules\normalize-package-data\lib\fixer.js:183:13)
5 error     at K:\RHildred\brackets+git\git\bin\node_modules\npm\node_modules\read-package-json\node_modules\normalize-package-data\lib\normalize.js:30:38
5 error     at Array.forEach (native)
5 error     at normalize (K:\RHildred\brackets+git\git\bin\node_modules\npm\node_modules\read-package-json\node_modules\normalize-package-data\lib\normalize.js:29:15)
5 error     at final (K:\RHildred\brackets+git\git\bin\node_modules\npm\node_modules\read-package-json\read-json.js:342:33)
5 error     at then (K:\RHildred\brackets+git\git\bin\node_modules\npm\node_modules\read-package-json\read-json.js:126:33)
5 error     at K:\RHildred\brackets+git\git\bin\node_modules\npm\node_modules\read-package-json\read-json.js:316:48
5 error     at evalmachine.<anonymous>:207:20
5 error     at OpenReq.Req.done (K:\RHildred\brackets+git\git\bin\node_modules\npm\node_modules\graceful-fs\graceful-fs.js:141:5)
5 error     at OpenReq.done (K:\RHildred\brackets+git\git\bin\node_modules\npm\node_modules\graceful-fs\graceful-fs.js:61:22)
6 error If you need help, you may report this *entire* log,
6 error including the npm and node versions, at:
6 error     <http://github.com/npm/npm/issues>
7 error System Windows_NT 6.1.7601
8 error command "K:\\RHildred\\brackets+git\\git\\bin\\node.exe" "K:\\RHildred\\brackets+git\\git\\bin\\node_modules\\npm\\bin\\npm-cli.js" "install"
9 error cwd G:\sem2\MyWorkspace\helloworld
10 error node -v v0.10.33
11 error npm -v 1.4.28
12 verbose exit [ 1, true ]
